03.04.2015 15:13:07 [Thread-2] DEBUG Server  - processed method GET for user
03.04.2015 15:13:07 [Thread-2] DEBUG Server  - response sent
03.04.2015 15:13:08 [Thread-2] DEBUG Server  - processed method GET for user
03.04.2015 15:13:08 [Thread-2] DEBUG Server  - response sent
03.04.2015 15:13:09 [Thread-2] DEBUG Server  - processed method GET for user
03.04.2015 15:13:09 [Thread-2] DEBUG Server  - response sent
03.04.2015 15:13:10 [Thread-2] DEBUG Server  - processed method GET for user
03.04.2015 15:13:10 [Thread-2] DEBUG Server  - response sent
03.04.2015 15:13:11 [Thread-2] DEBUG Server  - processed method GET for user
03.04.2015 15:13:11 [Thread-2] DEBUG Server  - response sent
03.04.2015 15:13:12 [Thread-2] DEBUG Server  - processed method GET for user
03.04.2015 15:13:12 [Thread-2] DEBUG Server  - response sent
03.04.2015 15:13:13 [Thread-2] DEBUG Server  - processed method GET for user
03.04.2015 15:13:13 [Thread-2] DEBUG Server  - response sent
03.04.2015 15:13:14 [Thread-2] DEBUG Server  - processed method GET for user
03.04.2015 15:13:14 [Thread-2] DEBUG Server  - response sent
03.04.2015 15:13:15 [Thread-2] DEBUG Server  - processed method GET for user
03.04.2015 15:13:15 [Thread-2] DEBUG Server  - response sent
03.04.2015 15:13:16 [Thread-2] DEBUG Server  - processed method GET for user
03.04.2015 15:13:16 [Thread-2] DEBUG Server  - response sent
03.04.2015 15:13:17 [Thread-2] DEBUG Server  - processed method GET for user
03.04.2015 15:13:17 [Thread-2] DEBUG Server  - response sent
03.04.2015 15:13:18 [Thread-2] DEBUG Server  - processed method GET for user
03.04.2015 15:13:18 [Thread-2] DEBUG Server  - response sent
03.04.2015 15:13:19 [Thread-2] DEBUG Server  - processed method GET for user
03.04.2015 15:13:19 [Thread-2] DEBUG Server  - response sent
03.04.2015 15:13:20 [Thread-2] DEBUG Server  - processed method GET for user
03.04.2015 15:13:20 [Thread-2] DEBUG Server  - response sent
03.04.2015 15:13:21 [Thread-2] DEBUG Server  - processed method GET for user
03.04.2015 15:13:21 [Thread-2] DEBUG Server  - response sent
03.04.2015 15:13:22 [Thread-2] DEBUG Server  - processed method GET for user
03.04.2015 15:13:22 [Thread-2] DEBUG Server  - response sent
03.04.2015 15:13:23 [Thread-2] DEBUG Server  - processed method GET for user
03.04.2015 15:13:23 [Thread-2] DEBUG Server  - response sent
03.04.2015 15:13:24 [Thread-2] DEBUG Server  - processed method GET for user
03.04.2015 15:13:24 [Thread-2] DEBUG Server  - response sent
03.04.2015 15:13:25 [Thread-2] DEBUG Server  - processed method GET for user
03.04.2015 15:13:25 [Thread-2] DEBUG Server  - response sent
03.04.2015 15:13:26 [Thread-2] DEBUG Server  - processed method GET for user
03.04.2015 15:13:26 [Thread-2] DEBUG Server  - response sent
03.04.2015 15:13:27 [Thread-2] DEBUG Server  - processed method GET for user
03.04.2015 15:13:27 [Thread-2] DEBUG Server  - response sent
03.04.2015 15:13:28 [Thread-2] DEBUG Server  - processed method GET for user
03.04.2015 15:13:28 [Thread-2] DEBUG Server  - response sent
03.04.2015 15:13:29 [Thread-2] DEBUG Server  - processed method GET for user
03.04.2015 15:13:29 [Thread-2] DEBUG Server  - response sent
03.04.2015 15:13:30 [Thread-2] DEBUG Server  - processed method GET for user
03.04.2015 15:13:30 [Thread-2] DEBUG Server  - response sent
03.04.2015 15:13:31 [Thread-2] DEBUG Server  - processed method GET for user
03.04.2015 15:13:31 [Thread-2] DEBUG Server  - response sent
03.04.2015 15:13:32 [Thread-2] DEBUG Server  - processed method GET for user
03.04.2015 15:13:32 [Thread-2] DEBUG Server  - response sent
03.04.2015 15:13:33 [Thread-2] DEBUG Server  - processed method GET for user
03.04.2015 15:13:33 [Thread-2] DEBUG Server  - response sent
03.04.2015 15:13:34 [Thread-2] DEBUG Server  - processed method GET for user
03.04.2015 15:13:34 [Thread-2] DEBUG Server  - response sent
03.04.2015 15:13:35 [Thread-2] DEBUG Server  - processed method GET for user
03.04.2015 15:13:35 [Thread-2] DEBUG Server  - response sent
03.04.2015 15:13:36 [Thread-2] DEBUG Server  - processed method GET for user
03.04.2015 15:13:36 [Thread-2] DEBUG Server  - response sent
03.04.2015 15:13:37 [Thread-2] DEBUG Server  - processed method GET for user
03.04.2015 15:13:37 [Thread-2] DEBUG Server  - response sent
03.04.2015 15:13:38 [Thread-2] DEBUG Server  - processed method GET for user
03.04.2015 15:13:38 [Thread-2] DEBUG Server  - response sent
03.04.2015 15:13:39 [Thread-2] DEBUG Server  - processed method GET for user
03.04.2015 15:13:39 [Thread-2] DEBUG Server  - response sent
03.04.2015 15:13:40 [Thread-2] DEBUG Server  - processed method GET for user
03.04.2015 15:13:40 [Thread-2] DEBUG Server  - response sent
03.04.2015 15:13:41 [Thread-2] DEBUG Server  - processed method GET for user
03.04.2015 15:13:41 [Thread-2] DEBUG Server  - response sent
03.04.2015 15:13:42 [Thread-2] DEBUG Server  - processed method GET for user
03.04.2015 15:13:42 [Thread-2] DEBUG Server  - response sent
03.04.2015 15:13:43 [Thread-2] DEBUG Server  - processed method GET for user
03.04.2015 15:13:43 [Thread-2] DEBUG Server  - response sent
03.04.2015 15:13:44 [Thread-2] DEBUG Server  - processed method GET for user
03.04.2015 15:13:44 [Thread-2] DEBUG Server  - response sent
03.04.2015 15:13:45 [Thread-2] DEBUG Server  - processed method GET for user
03.04.2015 15:13:45 [Thread-2] DEBUG Server  - response sent
03.04.2015 15:13:46 [Thread-2] DEBUG Server  - processed method GET for user
03.04.2015 15:13:46 [Thread-2] DEBUG Server  - response sent
03.04.2015 15:13:47 [Thread-2] DEBUG Server  - processed method GET for user
03.04.2015 15:13:47 [Thread-2] DEBUG Server  - response sent
03.04.2015 15:13:48 [Thread-2] DEBUG Server  - processed method GET for user
03.04.2015 15:13:48 [Thread-2] DEBUG Server  - response sent
03.04.2015 15:13:49 [Thread-2] DEBUG Server  - processed method GET for user
03.04.2015 15:13:49 [Thread-2] DEBUG Server  - response sent
03.04.2015 15:13:50 [Thread-2] DEBUG Server  - processed method GET for user
03.04.2015 15:13:50 [Thread-2] DEBUG Server  - response sent
03.04.2015 15:13:51 [Thread-2] DEBUG Server  - processed method GET for user
03.04.2015 15:13:51 [Thread-2] DEBUG Server  - response sent
03.04.2015 15:13:53 [Thread-2] DEBUG Server  - processed method GET for user
03.04.2015 15:13:53 [Thread-2] DEBUG Server  - response sent
03.04.2015 15:13:54 [Thread-2] DEBUG Server  - processed method GET for user
03.04.2015 15:13:54 [Thread-2] DEBUG Server  - response sent
03.04.2015 15:13:55 [Thread-2] DEBUG Server  - processed method GET for user
03.04.2015 15:13:55 [Thread-2] DEBUG Server  - response sent
03.04.2015 15:13:56 [Thread-2] DEBUG Server  - processed method GET for user
03.04.2015 15:13:56 [Thread-2] DEBUG Server  - response sent
03.04.2015 15:13:57 [Thread-2] DEBUG Server  - processed method GET for user
03.04.2015 15:13:57 [Thread-2] DEBUG Server  - response sent
03.04.2015 15:13:58 [Thread-2] DEBUG Server  - processed method GET for user
03.04.2015 15:13:58 [Thread-2] DEBUG Server  - response sent
03.04.2015 15:13:59 [Thread-2] DEBUG Server  - processed method GET for user
03.04.2015 15:13:59 [Thread-2] DEBUG Server  - response sent
03.04.2015 15:14:00 [Thread-2] DEBUG Server  - processed method GET for user
03.04.2015 15:14:00 [Thread-2] DEBUG Server  - response sent
03.04.2015 15:14:01 [Thread-2] DEBUG Server  - processed method GET for user
03.04.2015 15:14:01 [Thread-2] DEBUG Server  - response sent
03.04.2015 15:14:02 [Thread-2] DEBUG Server  - processed method GET for user
03.04.2015 15:14:02 [Thread-2] DEBUG Server  - response sent
03.04.2015 15:14:03 [Thread-2] DEBUG Server  - processed method GET for user
03.04.2015 15:14:03 [Thread-2] DEBUG Server  - response sent
03.04.2015 15:14:04 [Thread-2] DEBUG Server  - processed method GET for user
03.04.2015 15:14:04 [Thread-2] DEBUG Server  - response sent
03.04.2015 15:14:05 [Thread-2] DEBUG Server  - processed method GET for user
03.04.2015 15:14:05 [Thread-2] DEBUG Server  - response sent
03.04.2015 15:14:06 [Thread-2] DEBUG Server  - processed method GET for user
03.04.2015 15:14:06 [Thread-2] DEBUG Server  - response sent
03.04.2015 15:14:07 [Thread-2] DEBUG Server  - processed method GET for user
03.04.2015 15:14:07 [Thread-2] DEBUG Server  - response sent
03.04.2015 15:14:08 [Thread-2] DEBUG Server  - processed method GET for user
03.04.2015 15:14:08 [Thread-2] DEBUG Server  - response sent
03.04.2015 15:14:09 [Thread-2] DEBUG Server  - processed method GET for user
03.04.2015 15:14:09 [Thread-2] DEBUG Server  - response sent
03.04.2015 15:14:10 [Thread-2] DEBUG Server  - processed method GET for user
03.04.2015 15:14:10 [Thread-2] DEBUG Server  - response sent
03.04.2015 15:14:11 [Thread-2] DEBUG Server  - processed method GET for user
03.04.2015 15:14:11 [Thread-2] DEBUG Server  - response sent
03.04.2015 15:14:12 [Thread-2] DEBUG Server  - processed method GET for user
03.04.2015 15:14:12 [Thread-2] DEBUG Server  - response sent
03.04.2015 15:14:13 [Thread-2] DEBUG Server  - processed method GET for user
03.04.2015 15:14:13 [Thread-2] DEBUG Server  - response sent
03.04.2015 15:14:14 [Thread-2] DEBUG Server  - processed method GET for user
03.04.2015 15:14:14 [Thread-2] DEBUG Server  - response sent
03.04.2015 15:14:15 [Thread-2] DEBUG Server  - processed method GET for user
03.04.2015 15:14:15 [Thread-2] DEBUG Server  - response sent
03.04.2015 15:14:16 [Thread-2] DEBUG Server  - processed method GET for user
03.04.2015 15:14:16 [Thread-2] DEBUG Server  - response sent
03.04.2015 15:14:17 [Thread-2] DEBUG Server  - processed method GET for user
03.04.2015 15:14:17 [Thread-2] DEBUG Server  - response sent
03.04.2015 15:14:18 [Thread-2] DEBUG Server  - processed method GET for user
03.04.2015 15:14:18 [Thread-2] DEBUG Server  - response sent
03.04.2015 15:14:19 [Thread-2] DEBUG Server  - processed method GET for user
03.04.2015 15:14:19 [Thread-2] DEBUG Server  - response sent
03.04.2015 15:14:20 [Thread-2] DEBUG Server  - processed method GET for user
03.04.2015 15:14:20 [Thread-2] DEBUG Server  - response sent
03.04.2015 15:14:21 [Thread-2] DEBUG Server  - processed method GET for user
03.04.2015 15:14:21 [Thread-2] DEBUG Server  - response sent
03.04.2015 15:14:22 [Thread-2] DEBUG Server  - processed method GET for user
03.04.2015 15:14:22 [Thread-2] DEBUG Server  - response sent
03.04.2015 15:14:23 [Thread-2] DEBUG Server  - processed method GET for user
03.04.2015 15:14:23 [Thread-2] DEBUG Server  - response sent
03.04.2015 15:14:24 [Thread-2] DEBUG Server  - processed method GET for user
03.04.2015 15:14:24 [Thread-2] DEBUG Server  - response sent
03.04.2015 15:14:25 [Thread-2] DEBUG Server  - processed method GET for user
03.04.2015 15:14:25 [Thread-2] DEBUG Server  - response sent
03.04.2015 15:14:26 [Thread-2] DEBUG Server  - processed method GET for user
03.04.2015 15:14:26 [Thread-2] DEBUG Server  - response sent
03.04.2015 15:14:27 [Thread-2] DEBUG Server  - processed method GET for user
03.04.2015 15:14:27 [Thread-2] DEBUG Server  - response sent
03.04.2015 15:14:28 [Thread-2] DEBUG Server  - processed method GET for user
03.04.2015 15:14:28 [Thread-2] DEBUG Server  - response sent
03.04.2015 15:14:29 [Thread-2] DEBUG Server  - processed method GET for user
03.04.2015 15:14:29 [Thread-2] DEBUG Server  - response sent
03.04.2015 15:14:30 [Thread-2] DEBUG Server  - processed method GET for user
03.04.2015 15:14:30 [Thread-2] DEBUG Server  - response sent
03.04.2015 15:14:31 [Thread-2] DEBUG Server  - processed method GET for user
03.04.2015 15:14:31 [Thread-2] DEBUG Server  - response sent
03.04.2015 15:14:32 [Thread-2] DEBUG Server  - processed method GET for user
03.04.2015 15:14:32 [Thread-2] DEBUG Server  - response sent
03.04.2015 15:14:33 [Thread-2] DEBUG Server  - processed method GET for user
03.04.2015 15:14:33 [Thread-2] DEBUG Server  - response sent
03.04.2015 15:14:34 [Thread-2] DEBUG Server  - processed method GET for user
03.04.2015 15:14:34 [Thread-2] DEBUG Server  - response sent
03.04.2015 15:14:35 [Thread-2] DEBUG Server  - processed method GET for user
03.04.2015 15:14:35 [Thread-2] DEBUG Server  - response sent
03.04.2015 15:14:36 [Thread-2] DEBUG Server  - processed method GET for user
03.04.2015 15:14:36 [Thread-2] DEBUG Server  - response sent
03.04.2015 15:14:37 [Thread-2] DEBUG Server  - processed method GET for user
03.04.2015 15:14:37 [Thread-2] DEBUG Server  - response sent
03.04.2015 15:14:38 [Thread-2] DEBUG Server  - processed method GET for user
03.04.2015 15:14:38 [Thread-2] DEBUG Server  - response sent
03.04.2015 15:14:39 [Thread-2] DEBUG Server  - processed method GET for user
03.04.2015 15:14:39 [Thread-2] DEBUG Server  - response sent
03.04.2015 15:14:40 [Thread-2] DEBUG Server  - processed method GET for user
03.04.2015 15:14:40 [Thread-2] DEBUG Server  - response sent
03.04.2015 15:14:41 [Thread-2] DEBUG Server  - processed method GET for user
03.04.2015 15:14:41 [Thread-2] DEBUG Server  - response sent
03.04.2015 15:14:42 [Thread-2] DEBUG Server  - processed method GET for user
03.04.2015 15:14:42 [Thread-2] DEBUG Server  - response sent
03.04.2015 15:18:11 [main] DEBUG Server  - Server is starting...
03.04.2015 15:18:11 [main] DEBUG Server  - Server started.
03.04.2015 15:18:11 [main] DEBUG Server  - Get list of messages: GET http://192.168.43.224:999/chat?token={token}
03.04.2015 15:18:11 [main] DEBUG Server  - Send message: POST http://192.168.43.224:999/chat provide body json in format {"message" : "{message}"} 
03.04.2015 15:18:12 [Thread-2] DEBUG Server  - processed method GET for user
03.04.2015 15:18:12 [Thread-2] DEBUG Server  - response sent
03.04.2015 15:18:12 [Thread-2] DEBUG Server  - processed method GET for user
03.04.2015 15:18:12 [Thread-2] DEBUG Server  - response sent
03.04.2015 15:18:12 [Thread-2] DEBUG Server  - processed method GET for user
03.04.2015 15:18:12 [Thread-2] DEBUG Server  - response sent
03.04.2015 15:18:12 [Thread-2] DEBUG Server  - processed method GET for user
03.04.2015 15:18:12 [Thread-2] DEBUG Server  - response sent
03.04.2015 15:18:12 [Thread-2] DEBUG Server  - processed method GET for user
03.04.2015 15:18:12 [Thread-2] DEBUG Server  - response sent
03.04.2015 15:18:12 [Thread-2] DEBUG Server  - processed method GET for user
03.04.2015 15:18:12 [Thread-2] DEBUG Server  - response sent
03.04.2015 15:18:12 [Thread-2] DEBUG Server  - processed method GET for user
03.04.2015 15:18:12 [Thread-2] DEBUG Server  - response sent
03.04.2015 15:18:12 [Thread-2] DEBUG Server  - processed method GET for user
03.04.2015 15:18:12 [Thread-2] DEBUG Server  - response sent
03.04.2015 15:18:12 [Thread-2] DEBUG Server  - processed method GET for user
03.04.2015 15:18:12 [Thread-2] DEBUG Server  - response sent
03.04.2015 15:18:12 [Thread-2] DEBUG Server  - processed method GET for user
03.04.2015 15:18:12 [Thread-2] DEBUG Server  - response sent
03.04.2015 15:18:12 [Thread-2] DEBUG Server  - processed method GET for user
03.04.2015 15:18:12 [Thread-2] DEBUG Server  - response sent
03.04.2015 15:18:12 [Thread-2] DEBUG Server  - processed method GET for user
03.04.2015 15:18:12 [Thread-2] DEBUG Server  - response sent
03.04.2015 15:18:12 [Thread-2] DEBUG Server  - processed method GET for user
03.04.2015 15:18:12 [Thread-2] DEBUG Server  - response sent
03.04.2015 15:18:12 [Thread-2] DEBUG Server  - processed method GET for user
03.04.2015 15:18:12 [Thread-2] DEBUG Server  - response sent
03.04.2015 15:18:12 [Thread-2] DEBUG Server  - processed method GET for user
03.04.2015 15:18:12 [Thread-2] DEBUG Server  - response sent
03.04.2015 15:18:12 [Thread-2] DEBUG Server  - processed method GET for user
03.04.2015 15:18:12 [Thread-2] DEBUG Server  - response sent
03.04.2015 15:18:12 [Thread-2] DEBUG Server  - processed method GET for user
03.04.2015 15:18:12 [Thread-2] DEBUG Server  - response sent
03.04.2015 15:18:12 [Thread-2] DEBUG Server  - processed method GET for user
03.04.2015 15:18:12 [Thread-2] DEBUG Server  - response sent
03.04.2015 15:18:12 [Thread-2] DEBUG Server  - processed method GET for user
03.04.2015 15:18:12 [Thread-2] DEBUG Server  - response sent
03.04.2015 15:18:12 [Thread-2] DEBUG Server  - processed method GET for user
03.04.2015 15:18:12 [Thread-2] DEBUG Server  - response sent
03.04.2015 15:18:12 [Thread-2] DEBUG Server  - processed method GET for user
03.04.2015 15:18:12 [Thread-2] DEBUG Server  - response sent
03.04.2015 15:18:12 [Thread-2] DEBUG Server  - processed method GET for user
03.04.2015 15:18:12 [Thread-2] DEBUG Server  - response sent
03.04.2015 15:18:12 [Thread-2] DEBUG Server  - processed method GET for user
03.04.2015 15:18:12 [Thread-2] DEBUG Server  - response sent
03.04.2015 15:18:13 [Thread-2] DEBUG Server  - processed method GET for user
03.04.2015 15:18:13 [Thread-2] DEBUG Server  - response sent
03.04.2015 15:18:14 [Thread-2] DEBUG Server  - processed method GET for user
03.04.2015 15:18:14 [Thread-2] DEBUG Server  - response sent
03.04.2015 15:18:15 [Thread-2] DEBUG Server  - processed method GET for user
03.04.2015 15:18:15 [Thread-2] DEBUG Server  - response sent
03.04.2015 15:18:16 [Thread-2] DEBUG Server  - In delete
03.04.2015 15:18:16 [Thread-2] DEBUG Server  - response sent
03.04.2015 15:18:16 [Thread-2] DEBUG Server  - processed method GET for user
03.04.2015 15:18:16 [Thread-2] DEBUG Server  - response sent
03.04.2015 15:18:17 [Thread-2] DEBUG Server  - processed method GET for user
03.04.2015 15:18:17 [Thread-2] DEBUG Server  - response sent
03.04.2015 15:18:18 [Thread-2] DEBUG Server  - processed method GET for user
03.04.2015 15:18:18 [Thread-2] DEBUG Server  - response sent
03.04.2015 15:18:19 [Thread-2] DEBUG Server  - processed method GET for user
03.04.2015 15:18:19 [Thread-2] DEBUG Server  - response sent
03.04.2015 15:18:20 [Thread-2] DEBUG Server  - processed method GET for user
03.04.2015 15:18:20 [Thread-2] DEBUG Server  - response sent
03.04.2015 15:18:21 [Thread-2] DEBUG Server  - processed method GET for user
03.04.2015 15:18:21 [Thread-2] DEBUG Server  - response sent
03.04.2015 15:18:22 [Thread-2] DEBUG Server  - processed method GET for user
03.04.2015 15:18:22 [Thread-2] DEBUG Server  - response sent
03.04.2015 15:18:23 [Thread-2] DEBUG Server  - processed method GET for user
03.04.2015 15:18:23 [Thread-2] DEBUG Server  - response sent
03.04.2015 15:28:21 [main] DEBUG Server  - Server is starting...
03.04.2015 15:28:21 [main] DEBUG Server  - Server started.
03.04.2015 15:28:21 [main] DEBUG Server  - Get list of messages: GET http://192.168.43.224:999/chat?token={token}
03.04.2015 15:28:21 [main] DEBUG Server  - Send message: POST http://192.168.43.224:999/chat provide body json in format {"message" : "{message}"} 
03.04.2015 15:28:22 [Thread-2] DEBUG Server  - processed method GET for user
03.04.2015 15:28:22 [Thread-2] DEBUG Server  - response sent
03.04.2015 15:28:22 [Thread-2] DEBUG Server  - processed method GET for user
03.04.2015 15:28:22 [Thread-2] DEBUG Server  - response sent
03.04.2015 15:28:22 [Thread-2] DEBUG Server  - processed method GET for user
03.04.2015 15:28:22 [Thread-2] DEBUG Server  - response sent
03.04.2015 15:28:22 [Thread-2] DEBUG Server  - processed method GET for user
03.04.2015 15:28:22 [Thread-2] DEBUG Server  - response sent
03.04.2015 15:28:22 [Thread-2] DEBUG Server  - processed method GET for user
03.04.2015 15:28:22 [Thread-2] DEBUG Server  - response sent
03.04.2015 15:28:22 [Thread-2] DEBUG Server  - processed method GET for user
03.04.2015 15:28:22 [Thread-2] DEBUG Server  - response sent
03.04.2015 15:28:22 [Thread-2] DEBUG Server  - processed method GET for user
03.04.2015 15:28:22 [Thread-2] DEBUG Server  - response sent
03.04.2015 15:28:22 [Thread-2] DEBUG Server  - processed method GET for user
03.04.2015 15:28:22 [Thread-2] DEBUG Server  - response sent
03.04.2015 15:28:22 [Thread-2] DEBUG Server  - processed method GET for user
03.04.2015 15:28:22 [Thread-2] DEBUG Server  - response sent
03.04.2015 15:28:22 [Thread-2] DEBUG Server  - processed method GET for user
03.04.2015 15:28:22 [Thread-2] DEBUG Server  - response sent
03.04.2015 15:28:22 [Thread-2] DEBUG Server  - processed method GET for user
03.04.2015 15:28:22 [Thread-2] DEBUG Server  - response sent
03.04.2015 15:28:22 [Thread-2] DEBUG Server  - processed method GET for user
03.04.2015 15:28:22 [Thread-2] DEBUG Server  - response sent
03.04.2015 15:28:22 [Thread-2] DEBUG Server  - processed method GET for user
03.04.2015 15:28:22 [Thread-2] DEBUG Server  - response sent
03.04.2015 15:28:22 [Thread-2] DEBUG Server  - processed method GET for user
03.04.2015 15:28:22 [Thread-2] DEBUG Server  - response sent
03.04.2015 15:28:22 [Thread-2] DEBUG Server  - processed method GET for user
03.04.2015 15:28:22 [Thread-2] DEBUG Server  - response sent
03.04.2015 15:28:22 [Thread-2] DEBUG Server  - processed method GET for user
03.04.2015 15:28:22 [Thread-2] DEBUG Server  - response sent
03.04.2015 15:28:22 [Thread-2] DEBUG Server  - processed method GET for user
03.04.2015 15:28:22 [Thread-2] DEBUG Server  - response sent
03.04.2015 15:28:22 [Thread-2] DEBUG Server  - processed method GET for user
03.04.2015 15:28:22 [Thread-2] DEBUG Server  - response sent
03.04.2015 15:28:22 [Thread-2] DEBUG Server  - processed method GET for user
03.04.2015 15:28:22 [Thread-2] DEBUG Server  - response sent
03.04.2015 15:28:22 [Thread-2] DEBUG Server  - processed method GET for user
03.04.2015 15:28:22 [Thread-2] DEBUG Server  - response sent
03.04.2015 15:28:22 [Thread-2] DEBUG Server  - processed method GET for user
03.04.2015 15:28:22 [Thread-2] DEBUG Server  - response sent
03.04.2015 15:28:23 [Thread-2] DEBUG Server  - processed method GET for user
03.04.2015 15:28:23 [Thread-2] DEBUG Server  - response sent
03.04.2015 15:28:24 [Thread-2] DEBUG Server  - processed method GET for user
03.04.2015 15:28:24 [Thread-2] DEBUG Server  - response sent
03.04.2015 15:28:24 [Thread-2] DEBUG Server  - processed method GET for user
03.04.2015 15:28:24 [Thread-2] DEBUG Server  - response sent
03.04.2015 15:28:25 [Thread-2] DEBUG Server  - processed method GET for user
03.04.2015 15:28:25 [Thread-2] DEBUG Server  - response sent
03.04.2015 15:28:25 [Thread-2] DEBUG Server  - processed method GET for user
03.04.2015 15:28:25 [Thread-2] DEBUG Server  - response sent
03.04.2015 15:28:26 [Thread-2] DEBUG Server  - In post
03.04.2015 15:28:26 [Thread-2] DEBUG Server  - {"id":"null","author":"null","message":"hi","deleted":"false","date":"null","editDelete":"true"}
03.04.2015 15:28:26 [Thread-2] DEBUG Server  - Get Message from User : {"id":"null","author":"null","message":"hi","deleted":"false","date":"null","editDelete":"true"}
03.04.2015 15:28:26 [Thread-2] DEBUG Server  - response sent
03.04.2015 15:28:26 [Thread-2] DEBUG Server  - processed method GET for user
03.04.2015 15:28:26 [Thread-2] DEBUG Server  - response sent
03.04.2015 15:28:26 [Thread-2] DEBUG Server  - processed method GET for user
03.04.2015 15:28:26 [Thread-2] DEBUG Server  - response sent
03.04.2015 15:28:27 [Thread-2] DEBUG Server  - processed method GET for user
03.04.2015 15:28:27 [Thread-2] DEBUG Server  - response sent
03.04.2015 15:28:27 [Thread-2] DEBUG Server  - processed method GET for user
03.04.2015 15:28:27 [Thread-2] DEBUG Server  - response sent
03.04.2015 15:28:28 [Thread-2] DEBUG Server  - processed method GET for user
03.04.2015 15:28:28 [Thread-2] DEBUG Server  - response sent
03.04.2015 15:28:28 [Thread-2] DEBUG Server  - processed method GET for user
03.04.2015 15:28:28 [Thread-2] DEBUG Server  - response sent
03.04.2015 15:28:29 [Thread-2] DEBUG Server  - processed method GET for user
03.04.2015 15:28:29 [Thread-2] DEBUG Server  - response sent
03.04.2015 15:28:29 [Thread-2] DEBUG Server  - processed method GET for user
03.04.2015 15:28:29 [Thread-2] DEBUG Server  - response sent
03.04.2015 15:28:30 [Thread-2] DEBUG Server  - processed method GET for user
03.04.2015 15:28:30 [Thread-2] DEBUG Server  - response sent
03.04.2015 15:28:30 [Thread-2] DEBUG Server  - processed method GET for user
03.04.2015 15:28:30 [Thread-2] DEBUG Server  - response sent
03.04.2015 15:28:31 [Thread-2] DEBUG Server  - processed method GET for user
03.04.2015 15:28:31 [Thread-2] DEBUG Server  - response sent
03.04.2015 15:28:31 [Thread-2] DEBUG Server  - processed method GET for user
03.04.2015 15:28:31 [Thread-2] DEBUG Server  - response sent
03.04.2015 15:28:32 [Thread-2] DEBUG Server  - processed method GET for user
03.04.2015 15:28:32 [Thread-2] DEBUG Server  - response sent
03.04.2015 15:28:32 [Thread-2] DEBUG Server  - processed method GET for user
03.04.2015 15:28:32 [Thread-2] DEBUG Server  - response sent
03.04.2015 15:28:33 [Thread-2] DEBUG Server  - processed method GET for user
03.04.2015 15:28:33 [Thread-2] DEBUG Server  - response sent
03.04.2015 15:28:33 [Thread-2] DEBUG Server  - processed method GET for user
03.04.2015 15:28:33 [Thread-2] DEBUG Server  - response sent
03.04.2015 15:28:34 [Thread-2] DEBUG Server  - processed method GET for user
03.04.2015 15:28:34 [Thread-2] DEBUG Server  - response sent
03.04.2015 15:28:34 [Thread-2] DEBUG Server  - processed method GET for user
03.04.2015 15:28:34 [Thread-2] DEBUG Server  - response sent
03.04.2015 15:28:35 [Thread-2] DEBUG Server  - processed method GET for user
03.04.2015 15:28:35 [Thread-2] DEBUG Server  - response sent
03.04.2015 15:28:35 [Thread-2] DEBUG Server  - processed method GET for user
03.04.2015 15:28:35 [Thread-2] DEBUG Server  - response sent
03.04.2015 15:28:36 [Thread-2] DEBUG Server  - processed method GET for user
03.04.2015 15:28:36 [Thread-2] DEBUG Server  - response sent
03.04.2015 15:28:36 [Thread-2] DEBUG Server  - processed method GET for user
03.04.2015 15:28:36 [Thread-2] DEBUG Server  - response sent
03.04.2015 15:28:37 [Thread-2] DEBUG Server  - processed method GET for user
03.04.2015 15:28:37 [Thread-2] DEBUG Server  - response sent
03.04.2015 15:28:37 [Thread-2] DEBUG Server  - processed method GET for user
03.04.2015 15:28:37 [Thread-2] DEBUG Server  - response sent
03.04.2015 15:28:38 [Thread-2] DEBUG Server  - processed method GET for user
03.04.2015 15:28:38 [Thread-2] DEBUG Server  - response sent
03.04.2015 15:28:38 [Thread-2] DEBUG Server  - processed method GET for user
03.04.2015 15:28:38 [Thread-2] DEBUG Server  - response sent
03.04.2015 15:28:39 [Thread-2] DEBUG Server  - processed method GET for user
03.04.2015 15:28:39 [Thread-2] DEBUG Server  - response sent
03.04.2015 15:28:39 [Thread-2] DEBUG Server  - processed method GET for user
03.04.2015 15:28:39 [Thread-2] DEBUG Server  - response sent
03.04.2015 15:28:40 [Thread-2] DEBUG Server  - processed method GET for user
03.04.2015 15:28:40 [Thread-2] DEBUG Server  - response sent
03.04.2015 15:28:40 [Thread-2] DEBUG Server  - processed method GET for user
03.04.2015 15:28:40 [Thread-2] DEBUG Server  - response sent
03.04.2015 15:28:41 [Thread-2] DEBUG Server  - processed method GET for user
03.04.2015 15:28:41 [Thread-2] DEBUG Server  - response sent
03.04.2015 15:28:41 [Thread-2] DEBUG Server  - processed method GET for user
03.04.2015 15:28:41 [Thread-2] DEBUG Server  - response sent
03.04.2015 15:28:42 [Thread-2] DEBUG Server  - processed method GET for user
03.04.2015 15:28:42 [Thread-2] DEBUG Server  - response sent
03.04.2015 15:28:42 [Thread-2] DEBUG Server  - processed method GET for user
03.04.2015 15:28:42 [Thread-2] DEBUG Server  - response sent
03.04.2015 15:28:43 [Thread-2] DEBUG Server  - processed method GET for user
03.04.2015 15:28:43 [Thread-2] DEBUG Server  - response sent
03.04.2015 15:28:43 [Thread-2] DEBUG Server  - processed method GET for user
03.04.2015 15:28:43 [Thread-2] DEBUG Server  - response sent
03.04.2015 15:28:44 [Thread-2] DEBUG Server  - processed method GET for user
03.04.2015 15:28:44 [Thread-2] DEBUG Server  - response sent
03.04.2015 15:28:44 [Thread-2] DEBUG Server  - processed method GET for user
03.04.2015 15:28:44 [Thread-2] DEBUG Server  - response sent
03.04.2015 15:28:45 [Thread-2] DEBUG Server  - processed method GET for user
03.04.2015 15:28:45 [Thread-2] DEBUG Server  - response sent
03.04.2015 15:28:45 [Thread-2] DEBUG Server  - processed method GET for user
03.04.2015 15:28:45 [Thread-2] DEBUG Server  - response sent
03.04.2015 15:28:46 [Thread-2] DEBUG Server  - processed method GET for user
03.04.2015 15:28:46 [Thread-2] DEBUG Server  - response sent
03.04.2015 15:28:46 [Thread-2] DEBUG Server  - processed method GET for user
03.04.2015 15:28:46 [Thread-2] DEBUG Server  - response sent
03.04.2015 15:28:47 [Thread-2] DEBUG Server  - processed method GET for user
03.04.2015 15:28:47 [Thread-2] DEBUG Server  - response sent
03.04.2015 15:28:47 [Thread-2] DEBUG Server  - processed method GET for user
03.04.2015 15:28:47 [Thread-2] DEBUG Server  - response sent
03.04.2015 15:28:48 [Thread-2] DEBUG Server  - processed method GET for user
03.04.2015 15:28:48 [Thread-2] DEBUG Server  - response sent
03.04.2015 15:28:48 [Thread-2] DEBUG Server  - processed method GET for user
03.04.2015 15:28:48 [Thread-2] DEBUG Server  - response sent
03.04.2015 15:28:49 [Thread-2] DEBUG Server  - processed method GET for user
03.04.2015 15:28:49 [Thread-2] DEBUG Server  - response sent
03.04.2015 15:28:49 [Thread-2] DEBUG Server  - processed method GET for user
03.04.2015 15:28:49 [Thread-2] DEBUG Server  - response sent
03.04.2015 15:28:50 [Thread-2] DEBUG Server  - processed method GET for user
03.04.2015 15:28:50 [Thread-2] DEBUG Server  - response sent
03.04.2015 15:28:50 [Thread-2] DEBUG Server  - processed method GET for user
03.04.2015 15:28:50 [Thread-2] DEBUG Server  - response sent
03.04.2015 15:28:51 [Thread-2] DEBUG Server  - processed method GET for user
03.04.2015 15:28:51 [Thread-2] DEBUG Server  - response sent
03.04.2015 15:28:51 [Thread-2] DEBUG Server  - processed method GET for user
03.04.2015 15:28:51 [Thread-2] DEBUG Server  - response sent
03.04.2015 15:28:52 [Thread-2] DEBUG Server  - processed method GET for user
03.04.2015 15:28:52 [Thread-2] DEBUG Server  - response sent
03.04.2015 15:28:52 [Thread-2] DEBUG Server  - processed method GET for user
03.04.2015 15:28:52 [Thread-2] DEBUG Server  - response sent
03.04.2015 15:28:53 [Thread-2] DEBUG Server  - processed method GET for user
03.04.2015 15:28:53 [Thread-2] DEBUG Server  - response sent
03.04.2015 15:28:53 [Thread-2] DEBUG Server  - processed method GET for user
03.04.2015 15:28:53 [Thread-2] DEBUG Server  - response sent
03.04.2015 15:28:54 [Thread-2] DEBUG Server  - processed method GET for user
03.04.2015 15:28:54 [Thread-2] DEBUG Server  - response sent
03.04.2015 15:28:54 [Thread-2] DEBUG Server  - processed method GET for user
03.04.2015 15:28:54 [Thread-2] DEBUG Server  - response sent
03.04.2015 15:28:55 [Thread-2] DEBUG Server  - processed method GET for user
03.04.2015 15:28:55 [Thread-2] DEBUG Server  - response sent
03.04.2015 15:28:55 [Thread-2] DEBUG Server  - processed method GET for user
03.04.2015 15:28:55 [Thread-2] DEBUG Server  - response sent
03.04.2015 15:28:56 [Thread-2] DEBUG Server  - processed method GET for user
03.04.2015 15:28:56 [Thread-2] DEBUG Server  - response sent
03.04.2015 15:28:56 [Thread-2] DEBUG Server  - processed method GET for user
03.04.2015 15:28:56 [Thread-2] DEBUG Server  - response sent
03.04.2015 15:28:57 [Thread-2] DEBUG Server  - processed method GET for user
03.04.2015 15:28:57 [Thread-2] DEBUG Server  - response sent
03.04.2015 15:28:57 [Thread-2] DEBUG Server  - processed method GET for user
03.04.2015 15:28:57 [Thread-2] DEBUG Server  - response sent
03.04.2015 15:28:58 [Thread-2] DEBUG Server  - processed method GET for user
03.04.2015 15:28:58 [Thread-2] DEBUG Server  - response sent
03.04.2015 15:28:58 [Thread-2] DEBUG Server  - processed method GET for user
03.04.2015 15:28:58 [Thread-2] DEBUG Server  - response sent
03.04.2015 15:28:59 [Thread-2] DEBUG Server  - processed method GET for user
03.04.2015 15:28:59 [Thread-2] DEBUG Server  - response sent
03.04.2015 15:28:59 [Thread-2] DEBUG Server  - processed method GET for user
03.04.2015 15:28:59 [Thread-2] DEBUG Server  - response sent
03.04.2015 15:29:00 [Thread-2] DEBUG Server  - processed method GET for user
03.04.2015 15:29:00 [Thread-2] DEBUG Server  - response sent
03.04.2015 15:29:00 [Thread-2] DEBUG Server  - processed method GET for user
03.04.2015 15:29:00 [Thread-2] DEBUG Server  - response sent
03.04.2015 15:29:01 [Thread-2] DEBUG Server  - processed method GET for user
03.04.2015 15:29:01 [Thread-2] DEBUG Server  - response sent
03.04.2015 15:29:01 [Thread-2] DEBUG Server  - processed method GET for user
03.04.2015 15:29:01 [Thread-2] DEBUG Server  - response sent
03.04.2015 15:29:02 [Thread-2] DEBUG Server  - processed method GET for user
03.04.2015 15:29:02 [Thread-2] DEBUG Server  - response sent
03.04.2015 15:29:02 [Thread-2] DEBUG Server  - processed method GET for user
03.04.2015 15:29:02 [Thread-2] DEBUG Server  - response sent
03.04.2015 15:29:03 [Thread-2] DEBUG Server  - processed method GET for user
03.04.2015 15:29:03 [Thread-2] DEBUG Server  - response sent
03.04.2015 15:29:03 [Thread-2] DEBUG Server  - processed method GET for user
03.04.2015 15:29:03 [Thread-2] DEBUG Server  - response sent
03.04.2015 15:29:04 [Thread-2] DEBUG Server  - processed method GET for user
03.04.2015 15:29:04 [Thread-2] DEBUG Server  - response sent
03.04.2015 15:29:04 [Thread-2] DEBUG Server  - processed method GET for user
03.04.2015 15:29:04 [Thread-2] DEBUG Server  - response sent
03.04.2015 15:29:05 [Thread-2] DEBUG Server  - processed method GET for user
03.04.2015 15:29:05 [Thread-2] DEBUG Server  - response sent
03.04.2015 15:29:05 [Thread-2] DEBUG Server  - processed method GET for user
03.04.2015 15:29:05 [Thread-2] DEBUG Server  - response sent
03.04.2015 15:29:06 [Thread-2] DEBUG Server  - processed method GET for user
03.04.2015 15:29:06 [Thread-2] DEBUG Server  - response sent
03.04.2015 15:29:06 [Thread-2] DEBUG Server  - processed method GET for user
03.04.2015 15:29:06 [Thread-2] DEBUG Server  - response sent
03.04.2015 15:29:07 [Thread-2] DEBUG Server  - processed method GET for user
03.04.2015 15:29:07 [Thread-2] DEBUG Server  - response sent
03.04.2015 15:29:07 [Thread-2] DEBUG Server  - processed method GET for user
03.04.2015 15:29:07 [Thread-2] DEBUG Server  - response sent
03.04.2015 15:29:08 [Thread-2] DEBUG Server  - processed method GET for user
03.04.2015 15:29:08 [Thread-2] DEBUG Server  - response sent
03.04.2015 15:29:08 [Thread-2] DEBUG Server  - processed method GET for user
03.04.2015 15:29:08 [Thread-2] DEBUG Server  - response sent
03.04.2015 15:29:09 [Thread-2] DEBUG Server  - processed method GET for user
03.04.2015 15:29:09 [Thread-2] DEBUG Server  - response sent
03.04.2015 15:29:09 [Thread-2] DEBUG Server  - processed method GET for user
03.04.2015 15:29:09 [Thread-2] DEBUG Server  - response sent
03.04.2015 15:29:10 [Thread-2] DEBUG Server  - processed method GET for user
03.04.2015 15:29:10 [Thread-2] DEBUG Server  - response sent
03.04.2015 15:29:10 [Thread-2] DEBUG Server  - processed method GET for user
03.04.2015 15:29:10 [Thread-2] DEBUG Server  - response sent
03.04.2015 15:29:11 [Thread-2] DEBUG Server  - processed method GET for user
03.04.2015 15:29:11 [Thread-2] DEBUG Server  - response sent
03.04.2015 15:29:11 [Thread-2] DEBUG Server  - processed method GET for user
03.04.2015 15:29:11 [Thread-2] DEBUG Server  - response sent
03.04.2015 15:29:12 [Thread-2] DEBUG Server  - processed method GET for user
03.04.2015 15:29:12 [Thread-2] DEBUG Server  - response sent
03.04.2015 15:29:12 [Thread-2] DEBUG Server  - processed method GET for user
03.04.2015 15:29:12 [Thread-2] DEBUG Server  - response sent
03.04.2015 15:29:13 [Thread-2] DEBUG Server  - processed method GET for user
03.04.2015 15:29:13 [Thread-2] DEBUG Server  - response sent
03.04.2015 15:29:13 [Thread-2] DEBUG Server  - processed method GET for user
03.04.2015 15:29:13 [Thread-2] DEBUG Server  - response sent
03.04.2015 15:29:14 [Thread-2] DEBUG Server  - processed method GET for user
03.04.2015 15:29:14 [Thread-2] DEBUG Server  - response sent
03.04.2015 15:29:14 [Thread-2] DEBUG Server  - processed method GET for user
03.04.2015 15:29:14 [Thread-2] DEBUG Server  - response sent
03.04.2015 15:29:15 [Thread-2] DEBUG Server  - processed method GET for user
03.04.2015 15:29:15 [Thread-2] DEBUG Server  - response sent
03.04.2015 15:29:15 [Thread-2] DEBUG Server  - processed method GET for user
03.04.2015 15:29:15 [Thread-2] DEBUG Server  - response sent
03.04.2015 15:29:16 [Thread-2] DEBUG Server  - processed method GET for user
03.04.2015 15:29:16 [Thread-2] DEBUG Server  - response sent
03.04.2015 15:29:16 [Thread-2] DEBUG Server  - processed method GET for user
03.04.2015 15:29:16 [Thread-2] DEBUG Server  - response sent
03.04.2015 15:29:17 [Thread-2] DEBUG Server  - processed method GET for user
03.04.2015 15:29:17 [Thread-2] DEBUG Server  - response sent
03.04.2015 15:29:17 [Thread-2] DEBUG Server  - processed method GET for user
03.04.2015 15:29:17 [Thread-2] DEBUG Server  - response sent
03.04.2015 15:29:18 [Thread-2] DEBUG Server  - processed method GET for user
03.04.2015 15:29:18 [Thread-2] DEBUG Server  - response sent
03.04.2015 15:29:18 [Thread-2] DEBUG Server  - processed method GET for user
03.04.2015 15:29:18 [Thread-2] DEBUG Server  - response sent
03.04.2015 15:29:19 [Thread-2] DEBUG Server  - processed method GET for user
03.04.2015 15:29:19 [Thread-2] DEBUG Server  - response sent
03.04.2015 15:29:19 [Thread-2] DEBUG Server  - processed method GET for user
03.04.2015 15:29:19 [Thread-2] DEBUG Server  - response sent
03.04.2015 15:29:20 [Thread-2] DEBUG Server  - processed method GET for user
03.04.2015 15:29:20 [Thread-2] DEBUG Server  - response sent
03.04.2015 15:29:20 [Thread-2] DEBUG Server  - processed method GET for user
03.04.2015 15:29:20 [Thread-2] DEBUG Server  - response sent
03.04.2015 15:29:21 [Thread-2] DEBUG Server  - processed method GET for user
03.04.2015 15:29:21 [Thread-2] DEBUG Server  - response sent
03.04.2015 15:29:21 [Thread-2] DEBUG Server  - processed method GET for user
03.04.2015 15:29:21 [Thread-2] DEBUG Server  - response sent
03.04.2015 15:29:22 [Thread-2] DEBUG Server  - processed method GET for user
03.04.2015 15:29:22 [Thread-2] DEBUG Server  - response sent
03.04.2015 15:29:22 [Thread-2] DEBUG Server  - processed method GET for user
03.04.2015 15:29:22 [Thread-2] DEBUG Server  - response sent
03.04.2015 15:29:23 [Thread-2] DEBUG Server  - processed method GET for user
03.04.2015 15:29:23 [Thread-2] DEBUG Server  - response sent
03.04.2015 15:29:23 [Thread-2] DEBUG Server  - processed method GET for user
03.04.2015 15:29:23 [Thread-2] DEBUG Server  - response sent
03.04.2015 15:29:24 [Thread-2] DEBUG Server  - processed method GET for user
03.04.2015 15:29:24 [Thread-2] DEBUG Server  - response sent
03.04.2015 15:29:24 [Thread-2] DEBUG Server  - processed method GET for user
03.04.2015 15:29:24 [Thread-2] DEBUG Server  - response sent
03.04.2015 15:29:25 [Thread-2] DEBUG Server  - processed method GET for user
03.04.2015 15:29:25 [Thread-2] DEBUG Server  - response sent
03.04.2015 15:29:25 [Thread-2] DEBUG Server  - processed method GET for user
03.04.2015 15:29:25 [Thread-2] DEBUG Server  - response sent
03.04.2015 15:29:26 [Thread-2] DEBUG Server  - processed method GET for user
03.04.2015 15:29:26 [Thread-2] DEBUG Server  - response sent
03.04.2015 15:29:26 [Thread-2] DEBUG Server  - processed method GET for user
03.04.2015 15:29:26 [Thread-2] DEBUG Server  - response sent
03.04.2015 15:29:27 [Thread-2] DEBUG Server  - processed method GET for user
03.04.2015 15:29:27 [Thread-2] DEBUG Server  - response sent
03.04.2015 15:29:27 [Thread-2] DEBUG Server  - processed method GET for user
03.04.2015 15:29:27 [Thread-2] DEBUG Server  - response sent
03.04.2015 15:29:28 [Thread-2] DEBUG Server  - processed method GET for user
03.04.2015 15:29:28 [Thread-2] DEBUG Server  - response sent
03.04.2015 15:29:28 [Thread-2] DEBUG Server  - processed method GET for user
03.04.2015 15:29:28 [Thread-2] DEBUG Server  - response sent
03.04.2015 15:29:29 [Thread-2] DEBUG Server  - processed method GET for user
03.04.2015 15:29:29 [Thread-2] DEBUG Server  - response sent
03.04.2015 15:29:29 [Thread-2] DEBUG Server  - processed method GET for user
03.04.2015 15:29:29 [Thread-2] DEBUG Server  - response sent
03.04.2015 15:29:30 [Thread-2] DEBUG Server  - processed method GET for user
03.04.2015 15:29:30 [Thread-2] DEBUG Server  - response sent
03.04.2015 15:29:30 [Thread-2] DEBUG Server  - processed method GET for user
03.04.2015 15:29:30 [Thread-2] DEBUG Server  - response sent
03.04.2015 15:29:31 [Thread-2] DEBUG Server  - processed method GET for user
03.04.2015 15:29:31 [Thread-2] DEBUG Server  - response sent
03.04.2015 15:29:31 [Thread-2] DEBUG Server  - processed method GET for user
03.04.2015 15:29:31 [Thread-2] DEBUG Server  - response sent
03.04.2015 15:29:32 [Thread-2] DEBUG Server  - processed method GET for user
03.04.2015 15:29:32 [Thread-2] DEBUG Server  - response sent
03.04.2015 15:29:33 [Thread-2] DEBUG Server  - processed method GET for user
03.04.2015 15:29:33 [Thread-2] DEBUG Server  - response sent
03.04.2015 15:33:45 [main] DEBUG Server  - Server is starting...
03.04.2015 15:33:45 [main] DEBUG Server  - Server started.
03.04.2015 15:33:45 [main] DEBUG Server  - Get list of messages: GET http://192.168.43.224:999/chat?token={token}
03.04.2015 15:33:45 [main] DEBUG Server  - Send message: POST http://192.168.43.224:999/chat provide body json in format {"message" : "{message}"} 
03.04.2015 15:33:45 [Thread-2] DEBUG Server  - processed method GET for user
03.04.2015 15:33:45 [Thread-2] DEBUG Server  - response sent
03.04.2015 15:33:45 [Thread-2] DEBUG Server  - processed method GET for user
03.04.2015 15:33:45 [Thread-2] DEBUG Server  - response sent
03.04.2015 15:33:45 [Thread-2] DEBUG Server  - processed method GET for user
03.04.2015 15:33:45 [Thread-2] DEBUG Server  - response sent
03.04.2015 15:33:45 [Thread-2] DEBUG Server  - processed method GET for user
03.04.2015 15:33:45 [Thread-2] DEBUG Server  - response sent
03.04.2015 15:33:45 [Thread-2] DEBUG Server  - processed method GET for user
03.04.2015 15:33:45 [Thread-2] DEBUG Server  - response sent
03.04.2015 15:33:45 [Thread-2] DEBUG Server  - processed method GET for user
03.04.2015 15:33:45 [Thread-2] DEBUG Server  - response sent
03.04.2015 15:33:45 [Thread-2] DEBUG Server  - processed method GET for user
03.04.2015 15:33:45 [Thread-2] DEBUG Server  - response sent
03.04.2015 15:33:45 [Thread-2] DEBUG Server  - processed method GET for user
03.04.2015 15:33:45 [Thread-2] DEBUG Server  - response sent
03.04.2015 15:33:45 [Thread-2] DEBUG Server  - processed method GET for user
03.04.2015 15:33:45 [Thread-2] DEBUG Server  - response sent
03.04.2015 15:33:45 [Thread-2] DEBUG Server  - processed method GET for user
03.04.2015 15:33:45 [Thread-2] DEBUG Server  - response sent
03.04.2015 15:33:45 [Thread-2] DEBUG Server  - processed method GET for user
03.04.2015 15:33:45 [Thread-2] DEBUG Server  - response sent
03.04.2015 15:33:45 [Thread-2] DEBUG Server  - processed method GET for user
03.04.2015 15:33:45 [Thread-2] DEBUG Server  - response sent
03.04.2015 15:33:45 [Thread-2] DEBUG Server  - processed method GET for user
03.04.2015 15:33:45 [Thread-2] DEBUG Server  - response sent
03.04.2015 15:33:45 [Thread-2] DEBUG Server  - processed method GET for user
03.04.2015 15:33:45 [Thread-2] DEBUG Server  - response sent
03.04.2015 15:33:45 [Thread-2] DEBUG Server  - processed method GET for user
03.04.2015 15:33:45 [Thread-2] DEBUG Server  - response sent
03.04.2015 15:33:45 [Thread-2] DEBUG Server  - processed method GET for user
03.04.2015 15:33:45 [Thread-2] DEBUG Server  - response sent
03.04.2015 15:33:45 [Thread-2] DEBUG Server  - processed method GET for user
03.04.2015 15:33:45 [Thread-2] DEBUG Server  - response sent
03.04.2015 15:33:45 [Thread-2] DEBUG Server  - processed method GET for user
03.04.2015 15:33:45 [Thread-2] DEBUG Server  - response sent
03.04.2015 15:33:45 [Thread-2] DEBUG Server  - processed method GET for user
03.04.2015 15:33:45 [Thread-2] DEBUG Server  - response sent
03.04.2015 15:33:45 [Thread-2] DEBUG Server  - processed method GET for user
03.04.2015 15:33:45 [Thread-2] DEBUG Server  - response sent
03.04.2015 15:33:45 [Thread-2] DEBUG Server  - processed method GET for user
03.04.2015 15:33:45 [Thread-2] DEBUG Server  - response sent
03.04.2015 15:33:45 [Thread-2] DEBUG Server  - processed method GET for user
03.04.2015 15:33:45 [Thread-2] DEBUG Server  - response sent
03.04.2015 15:33:45 [Thread-2] DEBUG Server  - processed method GET for user
03.04.2015 15:33:45 [Thread-2] DEBUG Server  - response sent
03.04.2015 15:33:46 [Thread-2] DEBUG Server  - processed method GET for user
03.04.2015 15:33:46 [Thread-2] DEBUG Server  - response sent
03.04.2015 15:33:47 [Thread-2] DEBUG Server  - processed method GET for user
03.04.2015 15:33:47 [Thread-2] DEBUG Server  - response sent
03.04.2015 15:33:47 [Thread-2] DEBUG Server  - processed method GET for user
03.04.2015 15:33:47 [Thread-2] DEBUG Server  - response sent
03.04.2015 15:33:48 [Thread-2] DEBUG Server  - processed method GET for user
03.04.2015 15:33:48 [Thread-2] DEBUG Server  - response sent
03.04.2015 15:33:48 [Thread-2] DEBUG Server  - processed method GET for user
03.04.2015 15:33:48 [Thread-2] DEBUG Server  - response sent
03.04.2015 15:33:49 [Thread-2] DEBUG Server  - In post
03.04.2015 15:33:49 [Thread-2] DEBUG Server  - {"id":"null","author":"null","message":"hi","deleted":"false","date":"null","editDelete":"true"}
03.04.2015 15:33:49 [Thread-2] DEBUG Server  - Get Message from User : {"id":"null","author":"null","message":"hi","deleted":"false","date":"null","editDelete":"true"}
03.04.2015 15:33:49 [Thread-2] DEBUG Server  - response sent
03.04.2015 15:33:49 [Thread-2] DEBUG Server  - processed method GET for user
03.04.2015 15:33:49 [Thread-2] DEBUG Server  - response sent
03.04.2015 15:33:49 [Thread-2] DEBUG Server  - processed method GET for user
03.04.2015 15:33:49 [Thread-2] DEBUG Server  - response sent
03.04.2015 15:33:50 [Thread-2] DEBUG Server  - processed method GET for user
03.04.2015 15:33:50 [Thread-2] DEBUG Server  - response sent
03.04.2015 15:33:50 [Thread-2] DEBUG Server  - processed method GET for user
03.04.2015 15:33:50 [Thread-2] DEBUG Server  - response sent
03.04.2015 15:33:51 [Thread-2] DEBUG Server  - In post
03.04.2015 15:33:51 [Thread-2] DEBUG Server  - {"id":"null","author":"null","message":"hello","deleted":"false","date":"null","editDelete":"true"}
03.04.2015 15:33:51 [Thread-2] DEBUG Server  - Get Message from User : {"id":"null","author":"null","message":"hello","deleted":"false","date":"null","editDelete":"true"}
03.04.2015 15:33:51 [Thread-2] DEBUG Server  - response sent
03.04.2015 15:33:51 [Thread-2] DEBUG Server  - processed method GET for user
03.04.2015 15:33:51 [Thread-2] DEBUG Server  - response sent
03.04.2015 15:33:51 [Thread-2] DEBUG Server  - processed method GET for user
03.04.2015 15:33:51 [Thread-2] DEBUG Server  - response sent
03.04.2015 15:33:52 [Thread-2] DEBUG Server  - processed method GET for user
03.04.2015 15:33:52 [Thread-2] DEBUG Server  - response sent
03.04.2015 15:33:52 [Thread-2] DEBUG Server  - processed method GET for user
03.04.2015 15:33:52 [Thread-2] DEBUG Server  - response sent
03.04.2015 15:33:53 [Thread-2] DEBUG Server  - processed method GET for user
03.04.2015 15:33:53 [Thread-2] DEBUG Server  - response sent
03.04.2015 15:33:53 [Thread-2] DEBUG Server  - processed method GET for user
03.04.2015 15:33:53 [Thread-2] DEBUG Server  - response sent
03.04.2015 15:33:54 [Thread-2] DEBUG Server  - processed method GET for user
03.04.2015 15:33:54 [Thread-2] DEBUG Server  - response sent
03.04.2015 15:33:54 [Thread-2] DEBUG Server  - processed method GET for user
03.04.2015 15:33:54 [Thread-2] DEBUG Server  - response sent
03.04.2015 15:33:55 [Thread-2] DEBUG Server  - processed method GET for user
03.04.2015 15:33:55 [Thread-2] DEBUG Server  - response sent
03.04.2015 15:33:55 [Thread-2] DEBUG Server  - In post
03.04.2015 15:33:55 [Thread-2] DEBUG Server  - {"id":"null","author":"null","message":"mmmmm","deleted":"false","date":"null","editDelete":"true"}
03.04.2015 15:33:55 [Thread-2] DEBUG Server  - Get Message from User : {"id":"null","author":"null","message":"mmmmm","deleted":"false","date":"null","editDelete":"true"}
03.04.2015 15:33:55 [Thread-2] DEBUG Server  - response sent
03.04.2015 15:33:55 [Thread-2] DEBUG Server  - processed method GET for user
03.04.2015 15:33:55 [Thread-2] DEBUG Server  - response sent
03.04.2015 15:33:56 [Thread-2] DEBUG Server  - processed method GET for user
03.04.2015 15:33:56 [Thread-2] DEBUG Server  - response sent
03.04.2015 15:33:56 [Thread-2] DEBUG Server  - processed method GET for user
03.04.2015 15:33:56 [Thread-2] DEBUG Server  - response sent
03.04.2015 15:33:57 [Thread-2] DEBUG Server  - processed method GET for user
03.04.2015 15:33:57 [Thread-2] DEBUG Server  - response sent
03.04.2015 15:33:57 [Thread-2] DEBUG Server  - processed method GET for user
03.04.2015 15:33:57 [Thread-2] DEBUG Server  - response sent
03.04.2015 15:33:58 [Thread-2] DEBUG Server  - processed method GET for user
03.04.2015 15:33:58 [Thread-2] DEBUG Server  - response sent
03.04.2015 15:33:58 [Thread-2] DEBUG Server  - processed method GET for user
03.04.2015 15:33:58 [Thread-2] DEBUG Server  - response sent
03.04.2015 15:33:59 [Thread-2] DEBUG Server  - processed method GET for user
03.04.2015 15:33:59 [Thread-2] DEBUG Server  - response sent
03.04.2015 15:33:59 [Thread-2] DEBUG Server  - processed method GET for user
03.04.2015 15:33:59 [Thread-2] DEBUG Server  - response sent
03.04.2015 15:34:00 [Thread-2] DEBUG Server  - processed method GET for user
03.04.2015 15:34:00 [Thread-2] DEBUG Server  - response sent
03.04.2015 15:34:00 [Thread-2] DEBUG Server  - processed method GET for user
03.04.2015 15:34:00 [Thread-2] DEBUG Server  - response sent
03.04.2015 15:34:01 [Thread-2] DEBUG Server  - processed method GET for user
03.04.2015 15:34:01 [Thread-2] DEBUG Server  - response sent
03.04.2015 15:34:01 [Thread-2] DEBUG Server  - processed method GET for user
03.04.2015 15:34:01 [Thread-2] DEBUG Server  - response sent
03.04.2015 15:34:02 [Thread-2] DEBUG Server  - processed method GET for user
03.04.2015 15:34:02 [Thread-2] DEBUG Server  - response sent
03.04.2015 15:34:02 [Thread-2] DEBUG Server  - processed method GET for user
03.04.2015 15:34:02 [Thread-2] DEBUG Server  - response sent
03.04.2015 15:34:03 [Thread-2] DEBUG Server  - processed method GET for user
03.04.2015 15:34:03 [Thread-2] DEBUG Server  - response sent
03.04.2015 15:34:03 [Thread-2] DEBUG Server  - processed method GET for user
03.04.2015 15:34:03 [Thread-2] DEBUG Server  - response sent
03.04.2015 15:34:04 [Thread-2] DEBUG Server  - processed method GET for user
03.04.2015 15:34:04 [Thread-2] DEBUG Server  - response sent
03.04.2015 15:34:04 [Thread-2] DEBUG Server  - processed method GET for user
03.04.2015 15:34:04 [Thread-2] DEBUG Server  - response sent
03.04.2015 15:34:05 [Thread-2] DEBUG Server  - processed method GET for user
03.04.2015 15:34:05 [Thread-2] DEBUG Server  - response sent
03.04.2015 15:34:05 [Thread-2] DEBUG Server  - processed method GET for user
03.04.2015 15:34:05 [Thread-2] DEBUG Server  - response sent
03.04.2015 15:34:06 [Thread-2] DEBUG Server  - processed method GET for user
03.04.2015 15:34:06 [Thread-2] DEBUG Server  - response sent
03.04.2015 15:34:06 [Thread-2] DEBUG Server  - processed method GET for user
03.04.2015 15:34:06 [Thread-2] DEBUG Server  - response sent
03.04.2015 15:34:07 [Thread-2] DEBUG Server  - processed method GET for user
03.04.2015 15:34:07 [Thread-2] DEBUG Server  - response sent
03.04.2015 15:34:07 [Thread-2] DEBUG Server  - processed method GET for user
03.04.2015 15:34:07 [Thread-2] DEBUG Server  - response sent
03.04.2015 15:34:08 [Thread-2] DEBUG Server  - processed method GET for user
03.04.2015 15:34:08 [Thread-2] DEBUG Server  - response sent
03.04.2015 15:34:08 [Thread-2] DEBUG Server  - processed method GET for user
03.04.2015 15:34:08 [Thread-2] DEBUG Server  - response sent
03.04.2015 15:34:09 [Thread-2] DEBUG Server  - processed method GET for user
03.04.2015 15:34:09 [Thread-2] DEBUG Server  - response sent
03.04.2015 15:34:09 [Thread-2] DEBUG Server  - processed method GET for user
03.04.2015 15:34:09 [Thread-2] DEBUG Server  - response sent
03.04.2015 15:34:10 [Thread-2] DEBUG Server  - processed method GET for user
03.04.2015 15:34:10 [Thread-2] DEBUG Server  - response sent
03.04.2015 15:34:10 [Thread-2] DEBUG Server  - processed method GET for user
03.04.2015 15:34:10 [Thread-2] DEBUG Server  - response sent
03.04.2015 15:34:11 [Thread-2] DEBUG Server  - processed method GET for user
03.04.2015 15:34:11 [Thread-2] DEBUG Server  - response sent
03.04.2015 15:34:11 [Thread-2] DEBUG Server  - processed method GET for user
03.04.2015 15:34:11 [Thread-2] DEBUG Server  - response sent
03.04.2015 15:34:12 [Thread-2] DEBUG Server  - processed method GET for user
03.04.2015 15:34:12 [Thread-2] DEBUG Server  - response sent
03.04.2015 15:34:12 [Thread-2] DEBUG Server  - processed method GET for user
03.04.2015 15:34:12 [Thread-2] DEBUG Server  - response sent
03.04.2015 15:34:13 [Thread-2] DEBUG Server  - processed method GET for user
03.04.2015 15:34:13 [Thread-2] DEBUG Server  - response sent
03.04.2015 15:34:13 [Thread-2] DEBUG Server  - processed method GET for user
03.04.2015 15:34:13 [Thread-2] DEBUG Server  - response sent
03.04.2015 15:34:14 [Thread-2] DEBUG Server  - processed method GET for user
03.04.2015 15:34:14 [Thread-2] DEBUG Server  - response sent
03.04.2015 15:34:14 [Thread-2] DEBUG Server  - processed method GET for user
03.04.2015 15:34:14 [Thread-2] DEBUG Server  - response sent
03.04.2015 15:34:15 [Thread-2] DEBUG Server  - processed method GET for user
03.04.2015 15:34:15 [Thread-2] DEBUG Server  - response sent
03.04.2015 15:34:15 [Thread-2] DEBUG Server  - processed method GET for user
03.04.2015 15:34:15 [Thread-2] DEBUG Server  - response sent
03.04.2015 15:34:16 [Thread-2] DEBUG Server  - processed method GET for user
03.04.2015 15:34:16 [Thread-2] DEBUG Server  - response sent
03.04.2015 15:34:16 [Thread-2] DEBUG Server  - processed method GET for user
03.04.2015 15:34:16 [Thread-2] DEBUG Server  - response sent
03.04.2015 15:34:17 [Thread-2] DEBUG Server  - processed method GET for user
03.04.2015 15:34:17 [Thread-2] DEBUG Server  - response sent
03.04.2015 15:34:17 [Thread-2] DEBUG Server  - processed method GET for user
03.04.2015 15:34:17 [Thread-2] DEBUG Server  - response sent
03.04.2015 15:34:18 [Thread-2] DEBUG Server  - processed method GET for user
03.04.2015 15:34:18 [Thread-2] DEBUG Server  - response sent
03.04.2015 15:34:18 [Thread-2] DEBUG Server  - processed method GET for user
03.04.2015 15:34:18 [Thread-2] DEBUG Server  - response sent
03.04.2015 15:34:19 [Thread-2] DEBUG Server  - processed method GET for user
03.04.2015 15:34:19 [Thread-2] DEBUG Server  - response sent
03.04.2015 15:34:19 [Thread-2] DEBUG Server  - processed method GET for user
03.04.2015 15:34:19 [Thread-2] DEBUG Server  - response sent
03.04.2015 15:34:20 [Thread-2] DEBUG Server  - processed method GET for user
03.04.2015 15:34:20 [Thread-2] DEBUG Server  - response sent
03.04.2015 15:34:20 [Thread-2] DEBUG Server  - processed method GET for user
03.04.2015 15:34:20 [Thread-2] DEBUG Server  - response sent
03.04.2015 15:34:21 [Thread-2] DEBUG Server  - processed method GET for user
03.04.2015 15:34:21 [Thread-2] DEBUG Server  - response sent
03.04.2015 15:34:21 [Thread-2] DEBUG Server  - processed method GET for user
03.04.2015 15:34:21 [Thread-2] DEBUG Server  - response sent
03.04.2015 15:34:22 [Thread-2] DEBUG Server  - processed method GET for user
03.04.2015 15:34:22 [Thread-2] DEBUG Server  - response sent
03.04.2015 15:34:22 [Thread-2] DEBUG Server  - In delete
03.04.2015 15:34:22 [Thread-2] DEBUG Server  - 1
03.04.2015 15:34:22 [Thread-2] DEBUG Server  - Get messageToDeleteId from User : 1
03.04.2015 15:34:22 [Thread-2] DEBUG Server  - response sent
03.04.2015 15:34:22 [Thread-2] DEBUG Server  - processed method GET for user
03.04.2015 15:34:22 [Thread-2] DEBUG Server  - response sent
03.04.2015 15:34:23 [Thread-2] DEBUG Server  - processed method GET for user
03.04.2015 15:34:23 [Thread-2] DEBUG Server  - response sent
03.04.2015 15:34:23 [Thread-2] DEBUG Server  - processed method GET for user
03.04.2015 15:34:23 [Thread-2] DEBUG Server  - response sent
03.04.2015 15:34:24 [Thread-2] DEBUG Server  - processed method GET for user
03.04.2015 15:34:24 [Thread-2] DEBUG Server  - response sent
03.04.2015 15:34:24 [Thread-2] DEBUG Server  - processed method GET for user
03.04.2015 15:34:24 [Thread-2] DEBUG Server  - response sent
03.04.2015 15:34:25 [Thread-2] DEBUG Server  - processed method GET for user
03.04.2015 15:34:25 [Thread-2] DEBUG Server  - response sent
03.04.2015 15:34:26 [Thread-2] DEBUG Server  - processed method GET for user
03.04.2015 15:34:26 [Thread-2] DEBUG Server  - response sent
03.04.2015 15:34:26 [Thread-2] DEBUG Server  - processed method GET for user
03.04.2015 15:34:26 [Thread-2] DEBUG Server  - response sent
03.04.2015 15:34:27 [Thread-2] DEBUG Server  - processed method GET for user
03.04.2015 15:34:27 [Thread-2] DEBUG Server  - response sent
03.04.2015 15:34:27 [Thread-2] DEBUG Server  - processed method GET for user
03.04.2015 15:34:27 [Thread-2] DEBUG Server  - response sent
03.04.2015 15:34:28 [Thread-2] DEBUG Server  - processed method GET for user
03.04.2015 15:34:28 [Thread-2] DEBUG Server  - response sent
03.04.2015 15:34:28 [Thread-2] DEBUG Server  - processed method GET for user
03.04.2015 15:34:28 [Thread-2] DEBUG Server  - response sent
03.04.2015 15:34:29 [Thread-2] DEBUG Server  - processed method GET for user
03.04.2015 15:34:29 [Thread-2] DEBUG Server  - response sent
03.04.2015 15:34:29 [Thread-2] DEBUG Server  - processed method GET for user
03.04.2015 15:34:29 [Thread-2] DEBUG Server  - response sent
03.04.2015 15:34:30 [Thread-2] DEBUG Server  - processed method GET for user
03.04.2015 15:34:30 [Thread-2] DEBUG Server  - response sent
03.04.2015 15:34:30 [Thread-2] DEBUG Server  - processed method GET for user
03.04.2015 15:34:30 [Thread-2] DEBUG Server  - response sent
03.04.2015 15:34:31 [Thread-2] DEBUG Server  - processed method GET for user
03.04.2015 15:34:31 [Thread-2] DEBUG Server  - response sent
03.04.2015 15:34:31 [Thread-2] DEBUG Server  - processed method GET for user
03.04.2015 15:34:31 [Thread-2] DEBUG Server  - response sent
03.04.2015 15:34:32 [Thread-2] DEBUG Server  - processed method GET for user
03.04.2015 15:34:32 [Thread-2] DEBUG Server  - response sent
03.04.2015 15:34:32 [Thread-2] DEBUG Server  - processed method GET for user
03.04.2015 15:34:32 [Thread-2] DEBUG Server  - response sent
03.04.2015 15:34:33 [Thread-2] DEBUG Server  - processed method GET for user
03.04.2015 15:34:33 [Thread-2] DEBUG Server  - response sent
03.04.2015 15:34:33 [Thread-2] DEBUG Server  - processed method GET for user
03.04.2015 15:34:33 [Thread-2] DEBUG Server  - response sent
03.04.2015 15:34:34 [Thread-2] DEBUG Server  - processed method GET for user
03.04.2015 15:34:34 [Thread-2] DEBUG Server  - response sent
03.04.2015 15:34:34 [Thread-2] DEBUG Server  - processed method GET for user
03.04.2015 15:34:34 [Thread-2] DEBUG Server  - response sent
03.04.2015 15:34:35 [Thread-2] DEBUG Server  - processed method GET for user
03.04.2015 15:34:35 [Thread-2] DEBUG Server  - response sent
03.04.2015 15:34:35 [Thread-2] DEBUG Server  - processed method GET for user
03.04.2015 15:34:35 [Thread-2] DEBUG Server  - response sent
03.04.2015 15:34:36 [Thread-2] DEBUG Server  - processed method GET for user
03.04.2015 15:34:36 [Thread-2] DEBUG Server  - response sent
03.04.2015 15:34:36 [Thread-2] DEBUG Server  - processed method GET for user
03.04.2015 15:34:36 [Thread-2] DEBUG Server  - response sent
03.04.2015 15:34:37 [Thread-2] DEBUG Server  - processed method GET for user
03.04.2015 15:34:37 [Thread-2] DEBUG Server  - response sent
03.04.2015 15:34:37 [Thread-2] DEBUG Server  - processed method GET for user
03.04.2015 15:34:37 [Thread-2] DEBUG Server  - response sent
03.04.2015 15:34:38 [Thread-2] DEBUG Server  - processed method GET for user
03.04.2015 15:34:38 [Thread-2] DEBUG Server  - response sent
03.04.2015 15:34:38 [Thread-2] DEBUG Server  - processed method GET for user
03.04.2015 15:34:38 [Thread-2] DEBUG Server  - response sent
03.04.2015 15:34:39 [Thread-2] DEBUG Server  - processed method GET for user
03.04.2015 15:34:39 [Thread-2] DEBUG Server  - response sent
03.04.2015 15:34:39 [Thread-2] DEBUG Server  - processed method GET for user
03.04.2015 15:34:39 [Thread-2] DEBUG Server  - response sent
03.04.2015 15:34:40 [Thread-2] DEBUG Server  - processed method GET for user
03.04.2015 15:34:40 [Thread-2] DEBUG Server  - response sent
03.04.2015 15:34:40 [Thread-2] DEBUG Server  - processed method GET for user
03.04.2015 15:34:40 [Thread-2] DEBUG Server  - response sent
03.04.2015 15:34:41 [Thread-2] DEBUG Server  - processed method GET for user
03.04.2015 15:34:41 [Thread-2] DEBUG Server  - response sent
03.04.2015 15:34:41 [Thread-2] DEBUG Server  - processed method GET for user
03.04.2015 15:34:41 [Thread-2] DEBUG Server  - response sent
03.04.2015 15:34:42 [Thread-2] DEBUG Server  - processed method GET for user
03.04.2015 15:34:42 [Thread-2] DEBUG Server  - response sent
03.04.2015 15:34:42 [Thread-2] DEBUG Server  - processed method GET for user
03.04.2015 15:34:42 [Thread-2] DEBUG Server  - response sent
03.04.2015 15:34:43 [Thread-2] DEBUG Server  - processed method GET for user
03.04.2015 15:34:43 [Thread-2] DEBUG Server  - response sent
03.04.2015 15:34:43 [Thread-2] DEBUG Server  - processed method GET for user
03.04.2015 15:34:43 [Thread-2] DEBUG Server  - response sent
03.04.2015 15:34:44 [Thread-2] DEBUG Server  - processed method GET for user
03.04.2015 15:34:44 [Thread-2] DEBUG Server  - response sent
03.04.2015 15:34:44 [Thread-2] DEBUG Server  - processed method GET for user
03.04.2015 15:34:44 [Thread-2] DEBUG Server  - response sent
03.04.2015 15:34:45 [Thread-2] DEBUG Server  - processed method GET for user
03.04.2015 15:34:45 [Thread-2] DEBUG Server  - response sent
03.04.2015 15:34:45 [Thread-2] DEBUG Server  - processed method GET for user
03.04.2015 15:34:45 [Thread-2] DEBUG Server  - response sent
03.04.2015 15:34:46 [Thread-2] DEBUG Server  - processed method GET for user
03.04.2015 15:34:46 [Thread-2] DEBUG Server  - response sent
03.04.2015 15:34:46 [Thread-2] DEBUG Server  - processed method GET for user
03.04.2015 15:34:46 [Thread-2] DEBUG Server  - response sent
03.04.2015 15:34:47 [Thread-2] DEBUG Server  - processed method GET for user
03.04.2015 15:34:47 [Thread-2] DEBUG Server  - response sent
03.04.2015 15:34:47 [Thread-2] DEBUG Server  - processed method GET for user
03.04.2015 15:34:47 [Thread-2] DEBUG Server  - response sent
03.04.2015 15:34:48 [Thread-2] DEBUG Server  - processed method GET for user
03.04.2015 15:34:48 [Thread-2] DEBUG Server  - response sent
03.04.2015 15:34:48 [Thread-2] DEBUG Server  - processed method GET for user
03.04.2015 15:34:48 [Thread-2] DEBUG Server  - response sent
03.04.2015 15:34:49 [Thread-2] DEBUG Server  - processed method GET for user
03.04.2015 15:34:49 [Thread-2] DEBUG Server  - response sent
03.04.2015 15:34:49 [Thread-2] DEBUG Server  - processed method GET for user
03.04.2015 15:34:49 [Thread-2] DEBUG Server  - response sent
03.04.2015 15:34:50 [Thread-2] DEBUG Server  - processed method GET for user
03.04.2015 15:34:50 [Thread-2] DEBUG Server  - response sent
03.04.2015 15:34:50 [Thread-2] DEBUG Server  - processed method GET for user
03.04.2015 15:34:50 [Thread-2] DEBUG Server  - response sent
03.04.2015 15:34:51 [Thread-2] DEBUG Server  - processed method GET for user
03.04.2015 15:34:51 [Thread-2] DEBUG Server  - response sent
03.04.2015 15:34:51 [Thread-2] DEBUG Server  - In delete
03.04.2015 15:34:51 [Thread-2] DEBUG Server  - 2
03.04.2015 15:34:51 [Thread-2] DEBUG Server  - Get messageToDeleteId from User : 2
03.04.2015 15:34:51 [Thread-2] DEBUG Server  - response sent
03.04.2015 15:34:51 [Thread-2] DEBUG Server  - processed method GET for user
03.04.2015 15:34:51 [Thread-2] DEBUG Server  - response sent
03.04.2015 15:34:52 [Thread-2] DEBUG Server  - processed method GET for user
03.04.2015 15:34:52 [Thread-2] DEBUG Server  - response sent
03.04.2015 15:34:52 [Thread-2] DEBUG Server  - processed method GET for user
03.04.2015 15:34:52 [Thread-2] DEBUG Server  - response sent
03.04.2015 15:34:53 [Thread-2] DEBUG Server  - processed method GET for user
03.04.2015 15:34:53 [Thread-2] DEBUG Server  - response sent
03.04.2015 15:34:53 [Thread-2] DEBUG Server  - processed method GET for user
03.04.2015 15:34:53 [Thread-2] DEBUG Server  - response sent
03.04.2015 15:34:54 [Thread-2] DEBUG Server  - processed method GET for user
03.04.2015 15:34:54 [Thread-2] DEBUG Server  - response sent
03.04.2015 15:34:54 [Thread-2] DEBUG Server  - processed method GET for user
03.04.2015 15:34:54 [Thread-2] DEBUG Server  - response sent
03.04.2015 15:34:55 [Thread-2] DEBUG Server  - processed method GET for user
03.04.2015 15:34:55 [Thread-2] DEBUG Server  - response sent
03.04.2015 15:34:55 [Thread-2] DEBUG Server  - processed method GET for user
03.04.2015 15:34:55 [Thread-2] DEBUG Server  - response sent
03.04.2015 15:34:56 [Thread-2] DEBUG Server  - processed method GET for user
03.04.2015 15:34:56 [Thread-2] DEBUG Server  - response sent
03.04.2015 15:34:56 [Thread-2] DEBUG Server  - processed method GET for user
03.04.2015 15:34:56 [Thread-2] DEBUG Server  - response sent
03.04.2015 15:34:57 [Thread-2] DEBUG Server  - processed method GET for user
03.04.2015 15:34:57 [Thread-2] DEBUG Server  - response sent
03.04.2015 15:34:57 [Thread-2] DEBUG Server  - processed method GET for user
03.04.2015 15:34:57 [Thread-2] DEBUG Server  - response sent
03.04.2015 15:34:58 [Thread-2] DEBUG Server  - processed method GET for user
03.04.2015 15:34:58 [Thread-2] DEBUG Server  - response sent
03.04.2015 15:34:58 [Thread-2] DEBUG Server  - processed method GET for user
03.04.2015 15:34:58 [Thread-2] DEBUG Server  - response sent
03.04.2015 15:34:59 [Thread-2] DEBUG Server  - processed method GET for user
03.04.2015 15:34:59 [Thread-2] DEBUG Server  - response sent
03.04.2015 15:34:59 [Thread-2] DEBUG Server  - processed method GET for user
03.04.2015 15:34:59 [Thread-2] DEBUG Server  - response sent
03.04.2015 15:35:00 [Thread-2] DEBUG Server  - processed method GET for user
03.04.2015 15:35:00 [Thread-2] DEBUG Server  - response sent
03.04.2015 15:35:00 [Thread-2] DEBUG Server  - processed method GET for user
03.04.2015 15:35:00 [Thread-2] DEBUG Server  - response sent
03.04.2015 15:35:01 [Thread-2] DEBUG Server  - processed method GET for user
03.04.2015 15:35:01 [Thread-2] DEBUG Server  - response sent
03.04.2015 15:35:01 [Thread-2] DEBUG Server  - processed method GET for user
03.04.2015 15:35:01 [Thread-2] DEBUG Server  - response sent
03.04.2015 15:35:02 [Thread-2] DEBUG Server  - processed method GET for user
03.04.2015 15:35:02 [Thread-2] DEBUG Server  - response sent
03.04.2015 15:35:02 [Thread-2] DEBUG Server  - processed method GET for user
03.04.2015 15:35:02 [Thread-2] DEBUG Server  - response sent
03.04.2015 15:35:03 [Thread-2] DEBUG Server  - processed method GET for user
03.04.2015 15:35:03 [Thread-2] DEBUG Server  - response sent
03.04.2015 15:35:03 [Thread-2] DEBUG Server  - processed method GET for user
03.04.2015 15:35:03 [Thread-2] DEBUG Server  - response sent
03.04.2015 15:35:04 [Thread-2] DEBUG Server  - processed method GET for user
03.04.2015 15:35:04 [Thread-2] DEBUG Server  - response sent
03.04.2015 15:35:04 [Thread-2] DEBUG Server  - processed method GET for user
03.04.2015 15:35:04 [Thread-2] DEBUG Server  - response sent
03.04.2015 15:35:05 [Thread-2] DEBUG Server  - processed method GET for user
03.04.2015 15:35:05 [Thread-2] DEBUG Server  - response sent
03.04.2015 15:35:05 [Thread-2] DEBUG Server  - processed method GET for user
03.04.2015 15:35:05 [Thread-2] DEBUG Server  - response sent
03.04.2015 15:35:06 [Thread-2] DEBUG Server  - processed method GET for user
03.04.2015 15:35:06 [Thread-2] DEBUG Server  - response sent
03.04.2015 15:35:06 [Thread-2] DEBUG Server  - processed method GET for user
03.04.2015 15:35:06 [Thread-2] DEBUG Server  - response sent
03.04.2015 15:35:07 [Thread-2] DEBUG Server  - processed method GET for user
03.04.2015 15:35:07 [Thread-2] DEBUG Server  - response sent
03.04.2015 15:35:07 [Thread-2] DEBUG Server  - processed method GET for user
03.04.2015 15:35:07 [Thread-2] DEBUG Server  - response sent
03.04.2015 15:35:08 [Thread-2] DEBUG Server  - processed method GET for user
03.04.2015 15:35:08 [Thread-2] DEBUG Server  - response sent
03.04.2015 15:35:08 [Thread-2] DEBUG Server  - processed method GET for user
03.04.2015 15:35:08 [Thread-2] DEBUG Server  - response sent
03.04.2015 15:35:09 [Thread-2] DEBUG Server  - processed method GET for user
03.04.2015 15:35:09 [Thread-2] DEBUG Server  - response sent
03.04.2015 15:35:09 [Thread-2] DEBUG Server  - processed method GET for user
03.04.2015 15:35:09 [Thread-2] DEBUG Server  - response sent
03.04.2015 15:35:10 [Thread-2] DEBUG Server  - processed method GET for user
03.04.2015 15:35:10 [Thread-2] DEBUG Server  - response sent
03.04.2015 15:35:10 [Thread-2] DEBUG Server  - processed method GET for user
03.04.2015 15:35:10 [Thread-2] DEBUG Server  - response sent
03.04.2015 15:35:11 [Thread-2] DEBUG Server  - processed method GET for user
03.04.2015 15:35:11 [Thread-2] DEBUG Server  - response sent
03.04.2015 15:35:11 [Thread-2] DEBUG Server  - processed method GET for user
03.04.2015 15:35:11 [Thread-2] DEBUG Server  - response sent
03.04.2015 15:35:12 [Thread-2] DEBUG Server  - processed method GET for user
03.04.2015 15:35:12 [Thread-2] DEBUG Server  - response sent
03.04.2015 15:35:12 [Thread-2] DEBUG Server  - processed method GET for user
03.04.2015 15:35:12 [Thread-2] DEBUG Server  - response sent
03.04.2015 15:35:13 [Thread-2] DEBUG Server  - processed method GET for user
03.04.2015 15:35:13 [Thread-2] DEBUG Server  - response sent
03.04.2015 15:35:13 [Thread-2] DEBUG Server  - processed method GET for user
03.04.2015 15:35:13 [Thread-2] DEBUG Server  - response sent
03.04.2015 15:35:14 [Thread-2] DEBUG Server  - processed method GET for user
03.04.2015 15:35:14 [Thread-2] DEBUG Server  - response sent
03.04.2015 15:35:14 [Thread-2] DEBUG Server  - processed method GET for user
03.04.2015 15:35:14 [Thread-2] DEBUG Server  - response sent
03.04.2015 15:35:15 [Thread-2] DEBUG Server  - processed method GET for user
03.04.2015 15:35:15 [Thread-2] DEBUG Server  - response sent
03.04.2015 15:35:15 [Thread-2] DEBUG Server  - processed method GET for user
03.04.2015 15:35:15 [Thread-2] DEBUG Server  - response sent
03.04.2015 15:35:16 [Thread-2] DEBUG Server  - processed method GET for user
03.04.2015 15:35:16 [Thread-2] DEBUG Server  - response sent
03.04.2015 15:35:16 [Thread-2] DEBUG Server  - processed method GET for user
03.04.2015 15:35:16 [Thread-2] DEBUG Server  - response sent
03.04.2015 15:35:17 [Thread-2] DEBUG Server  - processed method GET for user
03.04.2015 15:35:17 [Thread-2] DEBUG Server  - response sent
03.04.2015 15:35:17 [Thread-2] DEBUG Server  - processed method GET for user
03.04.2015 15:35:17 [Thread-2] DEBUG Server  - response sent
03.04.2015 15:35:18 [Thread-2] DEBUG Server  - processed method GET for user
03.04.2015 15:35:18 [Thread-2] DEBUG Server  - response sent
03.04.2015 15:35:18 [Thread-2] DEBUG Server  - processed method GET for user
03.04.2015 15:35:18 [Thread-2] DEBUG Server  - response sent
03.04.2015 15:35:19 [Thread-2] DEBUG Server  - processed method GET for user
03.04.2015 15:35:19 [Thread-2] DEBUG Server  - response sent
03.04.2015 15:35:19 [Thread-2] DEBUG Server  - processed method GET for user
03.04.2015 15:35:19 [Thread-2] DEBUG Server  - response sent
03.04.2015 15:35:20 [Thread-2] DEBUG Server  - processed method GET for user
03.04.2015 15:35:20 [Thread-2] DEBUG Server  - response sent
03.04.2015 15:35:20 [Thread-2] DEBUG Server  - processed method GET for user
03.04.2015 15:35:20 [Thread-2] DEBUG Server  - response sent
03.04.2015 15:35:21 [Thread-2] DEBUG Server  - processed method GET for user
03.04.2015 15:35:21 [Thread-2] DEBUG Server  - response sent
03.04.2015 15:35:21 [Thread-2] DEBUG Server  - processed method GET for user
03.04.2015 15:35:21 [Thread-2] DEBUG Server  - response sent
03.04.2015 15:35:22 [Thread-2] DEBUG Server  - processed method GET for user
03.04.2015 15:35:22 [Thread-2] DEBUG Server  - response sent
03.04.2015 15:35:22 [Thread-2] DEBUG Server  - processed method GET for user
03.04.2015 15:35:22 [Thread-2] DEBUG Server  - response sent
03.04.2015 15:35:23 [Thread-2] DEBUG Server  - processed method GET for user
03.04.2015 15:35:23 [Thread-2] DEBUG Server  - response sent
03.04.2015 15:35:23 [Thread-2] DEBUG Server  - processed method GET for user
03.04.2015 15:35:23 [Thread-2] DEBUG Server  - response sent
03.04.2015 15:35:24 [Thread-2] DEBUG Server  - processed method GET for user
03.04.2015 15:35:24 [Thread-2] DEBUG Server  - response sent
03.04.2015 15:35:24 [Thread-2] DEBUG Server  - processed method GET for user
03.04.2015 15:35:24 [Thread-2] DEBUG Server  - response sent
03.04.2015 15:35:25 [Thread-2] DEBUG Server  - processed method GET for user
03.04.2015 15:35:25 [Thread-2] DEBUG Server  - response sent
03.04.2015 15:35:25 [Thread-2] DEBUG Server  - processed method GET for user
03.04.2015 15:35:25 [Thread-2] DEBUG Server  - response sent
03.04.2015 15:35:26 [Thread-2] DEBUG Server  - processed method GET for user
03.04.2015 15:35:26 [Thread-2] DEBUG Server  - response sent
03.04.2015 15:35:26 [Thread-2] DEBUG Server  - processed method GET for user
03.04.2015 15:35:26 [Thread-2] DEBUG Server  - response sent
03.04.2015 15:35:27 [Thread-2] DEBUG Server  - processed method GET for user
03.04.2015 15:35:27 [Thread-2] DEBUG Server  - response sent
03.04.2015 15:35:27 [Thread-2] DEBUG Server  - processed method GET for user
03.04.2015 15:35:27 [Thread-2] DEBUG Server  - response sent
03.04.2015 15:35:28 [Thread-2] DEBUG Server  - processed method GET for user
03.04.2015 15:35:28 [Thread-2] DEBUG Server  - response sent
03.04.2015 15:35:28 [Thread-2] DEBUG Server  - processed method GET for user
03.04.2015 15:35:28 [Thread-2] DEBUG Server  - response sent
03.04.2015 15:35:29 [Thread-2] DEBUG Server  - processed method GET for user
03.04.2015 15:35:29 [Thread-2] DEBUG Server  - response sent
03.04.2015 15:35:29 [Thread-2] DEBUG Server  - processed method GET for user
03.04.2015 15:35:29 [Thread-2] DEBUG Server  - response sent
03.04.2015 15:35:30 [Thread-2] DEBUG Server  - processed method GET for user
03.04.2015 15:35:30 [Thread-2] DEBUG Server  - response sent
03.04.2015 15:35:30 [Thread-2] DEBUG Server  - processed method GET for user
03.04.2015 15:35:30 [Thread-2] DEBUG Server  - response sent
03.04.2015 15:35:31 [Thread-2] DEBUG Server  - processed method GET for user
03.04.2015 15:35:31 [Thread-2] DEBUG Server  - response sent
03.04.2015 15:35:32 [Thread-2] DEBUG Server  - processed method GET for user
03.04.2015 15:35:32 [Thread-2] DEBUG Server  - response sent
03.04.2015 15:35:32 [Thread-2] DEBUG Server  - processed method GET for user
03.04.2015 15:35:32 [Thread-2] DEBUG Server  - response sent
03.04.2015 15:35:33 [Thread-2] DEBUG Server  - processed method GET for user
03.04.2015 15:35:33 [Thread-2] DEBUG Server  - response sent
03.04.2015 15:35:33 [Thread-2] DEBUG Server  - processed method GET for user
03.04.2015 15:35:33 [Thread-2] DEBUG Server  - response sent
03.04.2015 15:35:34 [Thread-2] DEBUG Server  - processed method GET for user
03.04.2015 15:35:34 [Thread-2] DEBUG Server  - response sent
03.04.2015 15:35:34 [Thread-2] DEBUG Server  - processed method GET for user
03.04.2015 15:35:34 [Thread-2] DEBUG Server  - response sent
03.04.2015 15:35:35 [Thread-2] DEBUG Server  - processed method GET for user
03.04.2015 15:35:35 [Thread-2] DEBUG Server  - response sent
03.04.2015 15:35:35 [Thread-2] DEBUG Server  - processed method GET for user
03.04.2015 15:35:35 [Thread-2] DEBUG Server  - response sent
03.04.2015 15:35:36 [Thread-2] DEBUG Server  - processed method GET for user
03.04.2015 15:35:36 [Thread-2] DEBUG Server  - response sent
03.04.2015 15:35:36 [Thread-2] DEBUG Server  - processed method GET for user
03.04.2015 15:35:36 [Thread-2] DEBUG Server  - response sent
03.04.2015 15:35:37 [Thread-2] DEBUG Server  - processed method GET for user
03.04.2015 15:35:37 [Thread-2] DEBUG Server  - response sent
03.04.2015 15:35:37 [Thread-2] DEBUG Server  - processed method GET for user
03.04.2015 15:35:37 [Thread-2] DEBUG Server  - response sent
03.04.2015 15:35:38 [Thread-2] DEBUG Server  - processed method GET for user
03.04.2015 15:35:38 [Thread-2] DEBUG Server  - response sent
03.04.2015 15:35:38 [Thread-2] DEBUG Server  - processed method GET for user
03.04.2015 15:35:38 [Thread-2] DEBUG Server  - response sent
03.04.2015 15:35:39 [Thread-2] DEBUG Server  - processed method GET for user
03.04.2015 15:35:39 [Thread-2] DEBUG Server  - response sent
03.04.2015 15:35:39 [Thread-2] DEBUG Server  - processed method GET for user
03.04.2015 15:35:39 [Thread-2] DEBUG Server  - response sent
03.04.2015 15:35:40 [Thread-2] DEBUG Server  - processed method GET for user
03.04.2015 15:35:40 [Thread-2] DEBUG Server  - response sent
03.04.2015 15:35:40 [Thread-2] DEBUG Server  - processed method GET for user
03.04.2015 15:35:40 [Thread-2] DEBUG Server  - response sent
03.04.2015 15:35:41 [Thread-2] DEBUG Server  - processed method GET for user
03.04.2015 15:35:41 [Thread-2] DEBUG Server  - response sent
03.04.2015 15:35:41 [Thread-2] DEBUG Server  - processed method GET for user
03.04.2015 15:35:41 [Thread-2] DEBUG Server  - response sent
03.04.2015 15:35:42 [Thread-2] DEBUG Server  - processed method GET for user
03.04.2015 15:35:42 [Thread-2] DEBUG Server  - response sent
03.04.2015 15:35:42 [Thread-2] DEBUG Server  - processed method GET for user
03.04.2015 15:35:42 [Thread-2] DEBUG Server  - response sent
03.04.2015 15:35:43 [Thread-2] DEBUG Server  - processed method GET for user
03.04.2015 15:35:43 [Thread-2] DEBUG Server  - response sent
03.04.2015 15:35:43 [Thread-2] DEBUG Server  - processed method GET for user
03.04.2015 15:35:43 [Thread-2] DEBUG Server  - response sent
03.04.2015 15:35:44 [Thread-2] DEBUG Server  - processed method GET for user
03.04.2015 15:35:44 [Thread-2] DEBUG Server  - response sent
03.04.2015 15:35:44 [Thread-2] DEBUG Server  - processed method GET for user
03.04.2015 15:35:44 [Thread-2] DEBUG Server  - response sent
03.04.2015 15:35:45 [Thread-2] DEBUG Server  - processed method GET for user
03.04.2015 15:35:45 [Thread-2] DEBUG Server  - response sent
03.04.2015 15:35:45 [Thread-2] DEBUG Server  - processed method GET for user
03.04.2015 15:35:45 [Thread-2] DEBUG Server  - response sent
03.04.2015 15:35:46 [Thread-2] DEBUG Server  - processed method GET for user
03.04.2015 15:35:46 [Thread-2] DEBUG Server  - response sent
03.04.2015 15:35:46 [Thread-2] DEBUG Server  - processed method GET for user
03.04.2015 15:35:46 [Thread-2] DEBUG Server  - response sent
03.04.2015 15:35:47 [Thread-2] DEBUG Server  - processed method GET for user
03.04.2015 15:35:47 [Thread-2] DEBUG Server  - response sent
03.04.2015 15:35:47 [Thread-2] DEBUG Server  - processed method GET for user
03.04.2015 15:35:47 [Thread-2] DEBUG Server  - response sent
03.04.2015 15:35:48 [Thread-2] DEBUG Server  - processed method GET for user
03.04.2015 15:35:48 [Thread-2] DEBUG Server  - response sent
03.04.2015 15:35:48 [Thread-2] DEBUG Server  - processed method GET for user
03.04.2015 15:35:48 [Thread-2] DEBUG Server  - response sent
03.04.2015 15:35:49 [Thread-2] DEBUG Server  - processed method GET for user
03.04.2015 15:35:49 [Thread-2] DEBUG Server  - response sent
03.04.2015 15:35:49 [Thread-2] DEBUG Server  - processed method GET for user
03.04.2015 15:35:49 [Thread-2] DEBUG Server  - response sent
03.04.2015 15:35:50 [Thread-2] DEBUG Server  - processed method GET for user
03.04.2015 15:35:50 [Thread-2] DEBUG Server  - response sent
03.04.2015 15:35:50 [Thread-2] DEBUG Server  - processed method GET for user
03.04.2015 15:35:50 [Thread-2] DEBUG Server  - response sent
03.04.2015 15:35:51 [Thread-2] DEBUG Server  - processed method GET for user
03.04.2015 15:35:51 [Thread-2] DEBUG Server  - response sent
03.04.2015 15:35:51 [Thread-2] DEBUG Server  - processed method GET for user
03.04.2015 15:35:51 [Thread-2] DEBUG Server  - response sent
03.04.2015 15:35:52 [Thread-2] DEBUG Server  - processed method GET for user
03.04.2015 15:35:52 [Thread-2] DEBUG Server  - response sent
03.04.2015 15:35:52 [Thread-2] DEBUG Server  - processed method GET for user
03.04.2015 15:35:52 [Thread-2] DEBUG Server  - response sent
03.04.2015 15:35:53 [Thread-2] DEBUG Server  - processed method GET for user
03.04.2015 15:35:53 [Thread-2] DEBUG Server  - response sent
03.04.2015 15:35:53 [Thread-2] DEBUG Server  - processed method GET for user
03.04.2015 15:35:53 [Thread-2] DEBUG Server  - response sent
03.04.2015 15:35:54 [Thread-2] DEBUG Server  - processed method GET for user
03.04.2015 15:35:54 [Thread-2] DEBUG Server  - response sent
03.04.2015 15:35:54 [Thread-2] DEBUG Server  - processed method GET for user
03.04.2015 15:35:54 [Thread-2] DEBUG Server  - response sent
03.04.2015 15:35:55 [Thread-2] DEBUG Server  - processed method GET for user
03.04.2015 15:35:55 [Thread-2] DEBUG Server  - response sent
03.04.2015 15:35:55 [Thread-2] DEBUG Server  - processed method GET for user
03.04.2015 15:35:55 [Thread-2] DEBUG Server  - response sent
03.04.2015 15:35:56 [Thread-2] DEBUG Server  - processed method GET for user
03.04.2015 15:35:56 [Thread-2] DEBUG Server  - response sent
03.04.2015 15:35:56 [Thread-2] DEBUG Server  - processed method GET for user
03.04.2015 15:35:56 [Thread-2] DEBUG Server  - response sent
03.04.2015 15:35:57 [Thread-2] DEBUG Server  - processed method GET for user
03.04.2015 15:35:57 [Thread-2] DEBUG Server  - response sent
03.04.2015 15:35:57 [Thread-2] DEBUG Server  - processed method GET for user
03.04.2015 15:35:57 [Thread-2] DEBUG Server  - response sent
03.04.2015 15:35:58 [Thread-2] DEBUG Server  - processed method GET for user
03.04.2015 15:35:58 [Thread-2] DEBUG Server  - response sent
03.04.2015 15:35:58 [Thread-2] DEBUG Server  - processed method GET for user
03.04.2015 15:35:58 [Thread-2] DEBUG Server  - response sent
03.04.2015 15:35:59 [Thread-2] DEBUG Server  - processed method GET for user
03.04.2015 15:35:59 [Thread-2] DEBUG Server  - response sent
03.04.2015 15:35:59 [Thread-2] DEBUG Server  - processed method GET for user
03.04.2015 15:35:59 [Thread-2] DEBUG Server  - response sent
03.04.2015 15:36:00 [Thread-2] DEBUG Server  - processed method GET for user
03.04.2015 15:36:00 [Thread-2] DEBUG Server  - response sent
